c:\users\dlgml\onedrive\desktop\djclass\stepbystep\thirdproject\x64\debug\thirdproject.pch
c:\users\dlgml\onedrive\desktop\djclass\stepbystep\thirdproject\x64\debug\vc143.pdb
c:\users\dlgml\onedrive\desktop\djclass\stepbystep\thirdproject\x64\debug\vc143.idb
c:\users\dlgml\onedrive\desktop\djclass\stepbystep\thirdproject\x64\debug\pch.obj
c:\users\dlgml\onedrive\desktop\djclass\stepbystep\thirdproject\x64\debug\thirdproject.obj
c:\users\dlgml\onedrive\desktop\djclass\stepbystep\thirdproject\x64\debug\aboutproc.obj
c:\users\dlgml\onedrive\desktop\djclass\stepbystep\thirdproject\x64\debug\mainproc.obj
c:\users\dlgml\onedrive\desktop\djclass\stepbystep\x64\debug\thirdproject.exe
c:\users\dlgml\onedrive\desktop\djclass\stepbystep\x64\debug\thirdproject.pdb
c:\users\dlgml\onedrive\desktop\djclass\stepbystep\thirdproject\x64\debug\thirdproject.res
c:\users\dlgml\onedrive\desktop\djclass\stepbystep\thirdproject\x64\debug\thirdproject.ilk
c:\users\dlgml\onedrive\desktop\djclass\stepbystep\thirdproject\x64\debug\thirdproject.tlog\cl.command.1.tlog
c:\users\dlgml\onedrive\desktop\djclass\stepbystep\thirdproject\x64\debug\thirdproject.tlog\cl.items.tlog
c:\users\dlgml\onedrive\desktop\djclass\stepbystep\thirdproject\x64\debug\thirdproject.tlog\cl.read.1.tlog
c:\users\dlgml\onedrive\desktop\djclass\stepbystep\thirdproject\x64\debug\thirdproject.tlog\cl.write.1.tlog
c:\users\dlgml\onedrive\desktop\djclass\stepbystep\thirdproject\x64\debug\thirdproject.tlog\link.command.1.tlog
c:\users\dlgml\onedrive\desktop\djclass\stepbystep\thirdproject\x64\debug\thirdproject.tlog\link.read.1.tlog
c:\users\dlgml\onedrive\desktop\djclass\stepbystep\thirdproject\x64\debug\thirdproject.tlog\link.secondary.1.tlog
c:\users\dlgml\onedrive\desktop\djclass\stepbystep\thirdproject\x64\debug\thirdproject.tlog\link.write.1.tlog
c:\users\dlgml\onedrive\desktop\djclass\stepbystep\thirdproject\x64\debug\thirdproject.tlog\rc.command.1.tlog
c:\users\dlgml\onedrive\desktop\djclass\stepbystep\thirdproject\x64\debug\thirdproject.tlog\rc.read.1.tlog
c:\users\dlgml\onedrive\desktop\djclass\stepbystep\thirdproject\x64\debug\thirdproject.tlog\rc.write.1.tlog
