c:\users\dlgml\onedrive\desktop\djclass\stepbystep\wp_clock01\x64\debug\02.wp_clock01.pch
c:\users\dlgml\onedrive\desktop\djclass\stepbystep\wp_clock01\x64\debug\vc143.pdb
c:\users\dlgml\onedrive\desktop\djclass\stepbystep\wp_clock01\x64\debug\vc143.idb
c:\users\dlgml\onedrive\desktop\djclass\stepbystep\wp_clock01\x64\debug\pch.obj
c:\users\dlgml\onedrive\desktop\djclass\stepbystep\wp_clock01\x64\debug\gdiutil.obj
c:\users\dlgml\onedrive\desktop\djclass\stepbystep\wp_clock01\x64\debug\wp_clock01.obj
c:\users\dlgml\onedrive\desktop\djclass\stepbystep\wp_clock01\x64\debug\mainproc.obj
c:\users\dlgml\onedrive\desktop\djclass\stepbystep\wp_clock01\x64\debug\aboutproc.obj
c:\users\dlgml\onedrive\desktop\djclass\stepbystep\x64\debug\02.wp_clock01.exe
c:\users\dlgml\onedrive\desktop\djclass\stepbystep\x64\debug\02.wp_clock01.pdb
c:\users\dlgml\onedrive\desktop\djclass\stepbystep\wp_clock01\x64\debug\wp_clock01.res
c:\users\dlgml\onedrive\desktop\djclass\stepbystep\wp_clock01\x64\debug\02.wp_clock01.ilk
c:\users\dlgml\onedrive\desktop\djclass\stepbystep\wp_clock01\x64\debug\wp_clock01.ilk
c:\users\dlgml\onedrive\desktop\djclass\stepbystep\wp_clock01\x64\debug\wp_clock01.pch
c:\users\dlgml\onedrive\desktop\djclass\stepbystep\wp_clock01\x64\debug\02.wp_clock01.tlog\cl.command.1.tlog
c:\users\dlgml\onedrive\desktop\djclass\stepbystep\wp_clock01\x64\debug\02.wp_clock01.tlog\cl.items.tlog
c:\users\dlgml\onedrive\desktop\djclass\stepbystep\wp_clock01\x64\debug\02.wp_clock01.tlog\cl.read.1.tlog
c:\users\dlgml\onedrive\desktop\djclass\stepbystep\wp_clock01\x64\debug\02.wp_clock01.tlog\cl.write.1.tlog
c:\users\dlgml\onedrive\desktop\djclass\stepbystep\wp_clock01\x64\debug\02.wp_clock01.tlog\link.command.1.tlog
c:\users\dlgml\onedrive\desktop\djclass\stepbystep\wp_clock01\x64\debug\02.wp_clock01.tlog\link.read.1.tlog
c:\users\dlgml\onedrive\desktop\djclass\stepbystep\wp_clock01\x64\debug\02.wp_clock01.tlog\link.secondary.1.tlog
c:\users\dlgml\onedrive\desktop\djclass\stepbystep\wp_clock01\x64\debug\02.wp_clock01.tlog\link.write.1.tlog
c:\users\dlgml\onedrive\desktop\djclass\stepbystep\wp_clock01\x64\debug\02.wp_clock01.tlog\rc.command.1.tlog
c:\users\dlgml\onedrive\desktop\djclass\stepbystep\wp_clock01\x64\debug\02.wp_clock01.tlog\rc.read.1.tlog
c:\users\dlgml\onedrive\desktop\djclass\stepbystep\wp_clock01\x64\debug\02.wp_clock01.tlog\rc.write.1.tlog
