c:\users\dlgml\onedrive\desktop\djclass\stepbystep\wp_lineoutput\x64\debug\01.wp_lineoutput.pch
c:\users\dlgml\onedrive\desktop\djclass\stepbystep\wp_lineoutput\x64\debug\vc143.pdb
c:\users\dlgml\onedrive\desktop\djclass\stepbystep\wp_lineoutput\x64\debug\vc143.idb
c:\users\dlgml\onedrive\desktop\djclass\stepbystep\wp_lineoutput\x64\debug\pch.obj
c:\users\dlgml\onedrive\desktop\djclass\stepbystep\wp_lineoutput\x64\debug\wp_lineoutput.obj
c:\users\dlgml\onedrive\desktop\djclass\stepbystep\wp_lineoutput\x64\debug\mainproc.obj
c:\users\dlgml\onedrive\desktop\djclass\stepbystep\wp_lineoutput\x64\debug\gdiutil.obj
c:\users\dlgml\onedrive\desktop\djclass\stepbystep\wp_lineoutput\x64\debug\aboutproc.obj
c:\users\dlgml\onedrive\desktop\djclass\stepbystep\x64\debug\01.wp_lineoutput.exe
c:\users\dlgml\onedrive\desktop\djclass\stepbystep\x64\debug\01.wp_lineoutput.pdb
c:\users\dlgml\onedrive\desktop\djclass\stepbystep\wp_lineoutput\x64\debug\wp_lineoutput.res
c:\users\dlgml\onedrive\desktop\djclass\stepbystep\wp_lineoutput\x64\debug\01.wp_lineoutput.ilk
c:\users\dlgml\onedrive\desktop\djclass\stepbystep\wp_lineoutput\x64\debug\wp_lineoutput.ilk
c:\users\dlgml\onedrive\desktop\djclass\stepbystep\wp_lineoutput\x64\debug\wp_lineoutput.pch
c:\users\dlgml\onedrive\desktop\djclass\stepbystep\wp_lineoutput\x64\debug\01.wp_lineoutput.tlog\cl.command.1.tlog
c:\users\dlgml\onedrive\desktop\djclass\stepbystep\wp_lineoutput\x64\debug\01.wp_lineoutput.tlog\cl.items.tlog
c:\users\dlgml\onedrive\desktop\djclass\stepbystep\wp_lineoutput\x64\debug\01.wp_lineoutput.tlog\cl.read.1.tlog
c:\users\dlgml\onedrive\desktop\djclass\stepbystep\wp_lineoutput\x64\debug\01.wp_lineoutput.tlog\cl.write.1.tlog
c:\users\dlgml\onedrive\desktop\djclass\stepbystep\wp_lineoutput\x64\debug\01.wp_lineoutput.tlog\link.command.1.tlog
c:\users\dlgml\onedrive\desktop\djclass\stepbystep\wp_lineoutput\x64\debug\01.wp_lineoutput.tlog\link.read.1.tlog
c:\users\dlgml\onedrive\desktop\djclass\stepbystep\wp_lineoutput\x64\debug\01.wp_lineoutput.tlog\link.secondary.1.tlog
c:\users\dlgml\onedrive\desktop\djclass\stepbystep\wp_lineoutput\x64\debug\01.wp_lineoutput.tlog\link.write.1.tlog
c:\users\dlgml\onedrive\desktop\djclass\stepbystep\wp_lineoutput\x64\debug\01.wp_lineoutput.tlog\rc.command.1.tlog
c:\users\dlgml\onedrive\desktop\djclass\stepbystep\wp_lineoutput\x64\debug\01.wp_lineoutput.tlog\rc.read.1.tlog
c:\users\dlgml\onedrive\desktop\djclass\stepbystep\wp_lineoutput\x64\debug\01.wp_lineoutput.tlog\rc.write.1.tlog
