  pch.cpp
  AboutProc.cpp
  gdiUtil.cpp
C:\Users\dlgml\OneDrive\Desktop\DJClass\StepByStep\WP_SinCos\gdiUtil.cpp(103,54): warning C4267: '인수': 'size_t'에서 'int'(으)로 변환하면서 데이터가 손실될 수 있습니다.
  (소스 파일 '/gdiUtil.cpp'을(를) 컴파일하는 중)
  
C:\Users\dlgml\OneDrive\Desktop\DJClass\StepByStep\WP_SinCos\gdiUtil.cpp(123,16): warning C4267: '=': 'size_t'에서 'int'(으)로 변환하면서 데이터가 손실될 수 있습니다.
  (소스 파일 '/gdiUtil.cpp'을(를) 컴파일하는 중)
  
C:\Users\dlgml\OneDrive\Desktop\DJClass\StepByStep\WP_SinCos\gdiUtil.cpp(167,53): warning C4267: '인수': 'size_t'에서 'int'(으)로 변환하면서 데이터가 손실될 수 있습니다.
  (소스 파일 '/gdiUtil.cpp'을(를) 컴파일하는 중)
  
C:\Users\dlgml\OneDrive\Desktop\DJClass\StepByStep\WP_SinCos\gdiUtil.cpp(173,16): warning C4244: '초기화 중': 'double'에서 'float'(으)로 변환하면서 데이터가 손실될 수 있습니다.
  (소스 파일 '/gdiUtil.cpp'을(를) 컴파일하는 중)
  
C:\Users\dlgml\OneDrive\Desktop\DJClass\StepByStep\WP_SinCos\gdiUtil.cpp(174,16): warning C4244: '초기화 중': 'double'에서 'float'(으)로 변환하면서 데이터가 손실될 수 있습니다.
  (소스 파일 '/gdiUtil.cpp'을(를) 컴파일하는 중)
  
C:\Users\dlgml\OneDrive\Desktop\DJClass\StepByStep\WP_SinCos\gdiUtil.cpp(175,42): warning C4244: '인수': 'float'에서 'int'(으)로 변환하면서 데이터가 손실될 수 있습니다.
  (소스 파일 '/gdiUtil.cpp'을(를) 컴파일하는 중)
  
C:\Users\dlgml\OneDrive\Desktop\DJClass\StepByStep\WP_SinCos\gdiUtil.cpp(175,29): warning C4244: '인수': 'float'에서 'int'(으)로 변환하면서 데이터가 손실될 수 있습니다.
  (소스 파일 '/gdiUtil.cpp'을(를) 컴파일하는 중)
  
  MainProc.cpp
C:\Users\dlgml\OneDrive\Desktop\DJClass\StepByStep\WP_SinCos\MainProc.cpp(77,29): warning C4244: 'return': 'LRESULT'에서 'int'(으)로 변환하면서 데이터가 손실될 수 있습니다.
  (소스 파일 '/MainProc.cpp'을(를) 컴파일하는 중)
  
  WP_SinCos.cpp
  코드를 생성하고 있습니다...
  WP_SinCos.vcxproj -> C:\Users\dlgml\OneDrive\Desktop\DJClass\StepByStep\x64\Debug\WP_SinCos.exe
