c:\users\dlgml\onedrive\desktop\djclass\stepbystep\wp_sincos\x64\debug\vc143.pdb
c:\users\dlgml\onedrive\desktop\djclass\stepbystep\wp_sincos\x64\debug\vc143.idb
c:\users\dlgml\onedrive\desktop\djclass\stepbystep\wp_sincos\x64\debug\wp_sincos.obj
c:\users\dlgml\onedrive\desktop\djclass\stepbystep\wp_sincos\x64\debug\mainproc.obj
c:\users\dlgml\onedrive\desktop\djclass\stepbystep\wp_sincos\x64\debug\aboutproc.obj
c:\users\dlgml\onedrive\desktop\djclass\stepbystep\wp_sincos\x64\debug\gdiutil.obj
c:\users\dlgml\onedrive\desktop\djclass\stepbystep\wp_sincos\x64\debug\wp_sincos.pch
c:\users\dlgml\onedrive\desktop\djclass\stepbystep\wp_sincos\x64\debug\pch.obj
c:\users\dlgml\onedrive\desktop\djclass\stepbystep\x64\debug\wp_sincos.exe
c:\users\dlgml\onedrive\desktop\djclass\stepbystep\x64\debug\wp_sincos.pdb
c:\users\dlgml\onedrive\desktop\djclass\stepbystep\wp_sincos\x64\debug\wp_sincos.res
c:\users\dlgml\onedrive\desktop\djclass\stepbystep\wp_sincos\x64\debug\wp_sincos.ilk
c:\users\dlgml\onedrive\desktop\djclass\stepbystep\wp_sincos\x64\debug\wp_sincos.tlog\cl.command.1.tlog
c:\users\dlgml\onedrive\desktop\djclass\stepbystep\wp_sincos\x64\debug\wp_sincos.tlog\cl.items.tlog
c:\users\dlgml\onedrive\desktop\djclass\stepbystep\wp_sincos\x64\debug\wp_sincos.tlog\cl.read.1.tlog
c:\users\dlgml\onedrive\desktop\djclass\stepbystep\wp_sincos\x64\debug\wp_sincos.tlog\cl.write.1.tlog
c:\users\dlgml\onedrive\desktop\djclass\stepbystep\wp_sincos\x64\debug\wp_sincos.tlog\link.command.1.tlog
c:\users\dlgml\onedrive\desktop\djclass\stepbystep\wp_sincos\x64\debug\wp_sincos.tlog\link.read.1.tlog
c:\users\dlgml\onedrive\desktop\djclass\stepbystep\wp_sincos\x64\debug\wp_sincos.tlog\link.secondary.1.tlog
c:\users\dlgml\onedrive\desktop\djclass\stepbystep\wp_sincos\x64\debug\wp_sincos.tlog\link.write.1.tlog
c:\users\dlgml\onedrive\desktop\djclass\stepbystep\wp_sincos\x64\debug\wp_sincos.tlog\rc.command.1.tlog
c:\users\dlgml\onedrive\desktop\djclass\stepbystep\wp_sincos\x64\debug\wp_sincos.tlog\rc.read.1.tlog
c:\users\dlgml\onedrive\desktop\djclass\stepbystep\wp_sincos\x64\debug\wp_sincos.tlog\rc.write.1.tlog
