c:\users\dlgml\onedrive\desktop\djclass\stepbystep\fiveprojecr\x64\debug\fiveprojecr.pch
c:\users\dlgml\onedrive\desktop\djclass\stepbystep\fiveprojecr\x64\debug\vc143.pdb
c:\users\dlgml\onedrive\desktop\djclass\stepbystep\fiveprojecr\x64\debug\vc143.idb
c:\users\dlgml\onedrive\desktop\djclass\stepbystep\fiveprojecr\x64\debug\pch.obj
c:\users\dlgml\onedrive\desktop\djclass\stepbystep\fiveprojecr\x64\debug\mainproc.obj
c:\users\dlgml\onedrive\desktop\djclass\stepbystep\fiveprojecr\x64\debug\fiveprojecr.obj
c:\users\dlgml\onedrive\desktop\djclass\stepbystep\fiveprojecr\x64\debug\aboutproc.obj
c:\users\dlgml\onedrive\desktop\djclass\stepbystep\x64\debug\fiveprojecr.exe
c:\users\dlgml\onedrive\desktop\djclass\stepbystep\x64\debug\fiveprojecr.pdb
c:\users\dlgml\onedrive\desktop\djclass\stepbystep\fiveprojecr\x64\debug\fiveprojecr.res
c:\users\dlgml\onedrive\desktop\djclass\stepbystep\fiveprojecr\x64\debug\fiveprojecr.ilk
c:\users\dlgml\onedrive\desktop\djclass\stepbystep\fiveprojecr\x64\debug\fiveprojecr.tlog\cl.command.1.tlog
c:\users\dlgml\onedrive\desktop\djclass\stepbystep\fiveprojecr\x64\debug\fiveprojecr.tlog\cl.items.tlog
c:\users\dlgml\onedrive\desktop\djclass\stepbystep\fiveprojecr\x64\debug\fiveprojecr.tlog\cl.read.1.tlog
c:\users\dlgml\onedrive\desktop\djclass\stepbystep\fiveprojecr\x64\debug\fiveprojecr.tlog\cl.write.1.tlog
c:\users\dlgml\onedrive\desktop\djclass\stepbystep\fiveprojecr\x64\debug\fiveprojecr.tlog\link.command.1.tlog
c:\users\dlgml\onedrive\desktop\djclass\stepbystep\fiveprojecr\x64\debug\fiveprojecr.tlog\link.read.1.tlog
c:\users\dlgml\onedrive\desktop\djclass\stepbystep\fiveprojecr\x64\debug\fiveprojecr.tlog\link.secondary.1.tlog
c:\users\dlgml\onedrive\desktop\djclass\stepbystep\fiveprojecr\x64\debug\fiveprojecr.tlog\link.write.1.tlog
c:\users\dlgml\onedrive\desktop\djclass\stepbystep\fiveprojecr\x64\debug\fiveprojecr.tlog\rc.command.1.tlog
c:\users\dlgml\onedrive\desktop\djclass\stepbystep\fiveprojecr\x64\debug\fiveprojecr.tlog\rc.read.1.tlog
c:\users\dlgml\onedrive\desktop\djclass\stepbystep\fiveprojecr\x64\debug\fiveprojecr.tlog\rc.write.1.tlog
