c:\users\dlgml\onedrive\desktop\djclass\stepbystep\founthproject\x64\debug\founthproject.pch
c:\users\dlgml\onedrive\desktop\djclass\stepbystep\founthproject\x64\debug\vc143.pdb
c:\users\dlgml\onedrive\desktop\djclass\stepbystep\founthproject\x64\debug\vc143.idb
c:\users\dlgml\onedrive\desktop\djclass\stepbystep\founthproject\x64\debug\pch.obj
c:\users\dlgml\onedrive\desktop\djclass\stepbystep\founthproject\x64\debug\founthproject.obj
c:\users\dlgml\onedrive\desktop\djclass\stepbystep\founthproject\x64\debug\aboutproc.obj
c:\users\dlgml\onedrive\desktop\djclass\stepbystep\x64\debug\founthproject.exe
c:\users\dlgml\onedrive\desktop\djclass\stepbystep\x64\debug\founthproject.pdb
c:\users\dlgml\onedrive\desktop\djclass\stepbystep\founthproject\x64\debug\founthproject.res
c:\users\dlgml\onedrive\desktop\djclass\stepbystep\founthproject\x64\debug\founthproject.ilk
c:\users\dlgml\onedrive\desktop\djclass\stepbystep\founthproject\x64\debug\mainproc.obj
c:\users\dlgml\onedrive\desktop\djclass\stepbystep\founthproject\x64\debug\founthproject.tlog\cl.command.1.tlog
c:\users\dlgml\onedrive\desktop\djclass\stepbystep\founthproject\x64\debug\founthproject.tlog\cl.items.tlog
c:\users\dlgml\onedrive\desktop\djclass\stepbystep\founthproject\x64\debug\founthproject.tlog\cl.read.1.tlog
c:\users\dlgml\onedrive\desktop\djclass\stepbystep\founthproject\x64\debug\founthproject.tlog\cl.write.1.tlog
c:\users\dlgml\onedrive\desktop\djclass\stepbystep\founthproject\x64\debug\founthproject.tlog\link.command.1.tlog
c:\users\dlgml\onedrive\desktop\djclass\stepbystep\founthproject\x64\debug\founthproject.tlog\link.read.1.tlog
c:\users\dlgml\onedrive\desktop\djclass\stepbystep\founthproject\x64\debug\founthproject.tlog\link.secondary.1.tlog
c:\users\dlgml\onedrive\desktop\djclass\stepbystep\founthproject\x64\debug\founthproject.tlog\link.write.1.tlog
c:\users\dlgml\onedrive\desktop\djclass\stepbystep\founthproject\x64\debug\founthproject.tlog\rc.command.1.tlog
c:\users\dlgml\onedrive\desktop\djclass\stepbystep\founthproject\x64\debug\founthproject.tlog\rc.read.1.tlog
c:\users\dlgml\onedrive\desktop\djclass\stepbystep\founthproject\x64\debug\founthproject.tlog\rc.write.1.tlog
