c:\users\dlgml\onedrive\desktop\djclass\stepbystep\secondproject\x64\debug\secondproject.pch
c:\users\dlgml\onedrive\desktop\djclass\stepbystep\secondproject\x64\debug\vc143.pdb
c:\users\dlgml\onedrive\desktop\djclass\stepbystep\secondproject\x64\debug\vc143.idb
c:\users\dlgml\onedrive\desktop\djclass\stepbystep\secondproject\x64\debug\pch.obj
c:\users\dlgml\onedrive\desktop\djclass\stepbystep\secondproject\x64\debug\secondproject.obj
c:\users\dlgml\onedrive\desktop\djclass\stepbystep\secondproject\x64\debug\mainproc.obj
c:\users\dlgml\onedrive\desktop\djclass\stepbystep\secondproject\x64\debug\aboutproc.obj
c:\users\dlgml\onedrive\desktop\djclass\stepbystep\x64\debug\secondproject.exe
c:\users\dlgml\onedrive\desktop\djclass\stepbystep\x64\debug\secondproject.pdb
c:\users\dlgml\onedrive\desktop\djclass\stepbystep\secondproject\x64\debug\secondproject.res
c:\users\dlgml\onedrive\desktop\djclass\stepbystep\secondproject\x64\debug\secondproject.ilk
c:\users\dlgml\onedrive\desktop\djclass\stepbystep\secondproject\x64\debug\secondproject.tlog\cl.command.1.tlog
c:\users\dlgml\onedrive\desktop\djclass\stepbystep\secondproject\x64\debug\secondproject.tlog\cl.items.tlog
c:\users\dlgml\onedrive\desktop\djclass\stepbystep\secondproject\x64\debug\secondproject.tlog\cl.read.1.tlog
c:\users\dlgml\onedrive\desktop\djclass\stepbystep\secondproject\x64\debug\secondproject.tlog\cl.write.1.tlog
c:\users\dlgml\onedrive\desktop\djclass\stepbystep\secondproject\x64\debug\secondproject.tlog\link.command.1.tlog
c:\users\dlgml\onedrive\desktop\djclass\stepbystep\secondproject\x64\debug\secondproject.tlog\link.read.1.tlog
c:\users\dlgml\onedrive\desktop\djclass\stepbystep\secondproject\x64\debug\secondproject.tlog\link.secondary.1.tlog
c:\users\dlgml\onedrive\desktop\djclass\stepbystep\secondproject\x64\debug\secondproject.tlog\link.write.1.tlog
c:\users\dlgml\onedrive\desktop\djclass\stepbystep\secondproject\x64\debug\secondproject.tlog\rc.command.1.tlog
c:\users\dlgml\onedrive\desktop\djclass\stepbystep\secondproject\x64\debug\secondproject.tlog\rc.read.1.tlog
c:\users\dlgml\onedrive\desktop\djclass\stepbystep\secondproject\x64\debug\secondproject.tlog\rc.write.1.tlog
