c:\users\dlgml\onedrive\desktop\djclass\stepbystep\wp_analogclock_03\x64\debug\vc143.pdb
c:\users\dlgml\onedrive\desktop\djclass\stepbystep\wp_analogclock_03\x64\debug\vc143.idb
c:\users\dlgml\onedrive\desktop\djclass\stepbystep\wp_analogclock_03\x64\debug\wp_analogclock_03.obj
c:\users\dlgml\onedrive\desktop\djclass\stepbystep\wp_analogclock_03\x64\debug\mainproc.obj
c:\users\dlgml\onedrive\desktop\djclass\stepbystep\wp_analogclock_03\x64\debug\gdiutil.obj
c:\users\dlgml\onedrive\desktop\djclass\stepbystep\wp_analogclock_03\x64\debug\aboutproc.obj
c:\users\dlgml\onedrive\desktop\djclass\stepbystep\x64\debug\7.wp_analogclock_03.exe
c:\users\dlgml\onedrive\desktop\djclass\stepbystep\x64\debug\7.wp_analogclock_03.pdb
c:\users\dlgml\onedrive\desktop\djclass\stepbystep\wp_analogclock_03\x64\debug\wp_analogclock_03.res
c:\users\dlgml\onedrive\desktop\djclass\stepbystep\wp_analogclock_03\x64\debug\7.wp_analogclock_03.ilk
c:\users\dlgml\onedrive\desktop\djclass\stepbystep\wp_analogclock_03\x64\debug\analogclock.obj
c:\users\dlgml\onedrive\desktop\djclass\stepbystep\wp_analogclock_03\x64\debug\mathutil.obj
c:\users\dlgml\onedrive\desktop\djclass\stepbystep\wp_analogclock_03\x64\debug\wp_analogclock_03.ilk
c:\users\dlgml\onedrive\desktop\djclass\stepbystep\wp_analogclock_03\x64\debug\wp_analogclock_03.pch
c:\users\dlgml\onedrive\desktop\djclass\stepbystep\wp_analogclock_03\x64\debug\7.wp_ana.fbf5b04f.tlog\cl.command.1.tlog
c:\users\dlgml\onedrive\desktop\djclass\stepbystep\wp_analogclock_03\x64\debug\7.wp_ana.fbf5b04f.tlog\cl.items.tlog
c:\users\dlgml\onedrive\desktop\djclass\stepbystep\wp_analogclock_03\x64\debug\7.wp_ana.fbf5b04f.tlog\cl.read.1.tlog
c:\users\dlgml\onedrive\desktop\djclass\stepbystep\wp_analogclock_03\x64\debug\7.wp_ana.fbf5b04f.tlog\cl.write.1.tlog
c:\users\dlgml\onedrive\desktop\djclass\stepbystep\wp_analogclock_03\x64\debug\7.wp_ana.fbf5b04f.tlog\link.command.1.tlog
c:\users\dlgml\onedrive\desktop\djclass\stepbystep\wp_analogclock_03\x64\debug\7.wp_ana.fbf5b04f.tlog\link.read.1.tlog
c:\users\dlgml\onedrive\desktop\djclass\stepbystep\wp_analogclock_03\x64\debug\7.wp_ana.fbf5b04f.tlog\link.secondary.1.tlog
c:\users\dlgml\onedrive\desktop\djclass\stepbystep\wp_analogclock_03\x64\debug\7.wp_ana.fbf5b04f.tlog\link.write.1.tlog
c:\users\dlgml\onedrive\desktop\djclass\stepbystep\wp_analogclock_03\x64\debug\7.wp_ana.fbf5b04f.tlog\rc.command.1.tlog
c:\users\dlgml\onedrive\desktop\djclass\stepbystep\wp_analogclock_03\x64\debug\7.wp_ana.fbf5b04f.tlog\rc.read.1.tlog
c:\users\dlgml\onedrive\desktop\djclass\stepbystep\wp_analogclock_03\x64\debug\7.wp_ana.fbf5b04f.tlog\rc.write.1.tlog
