c:\users\dlgml\onedrive\desktop\djclass\stepbystep\wp_clock_02\x64\debug\vc143.pdb
c:\users\dlgml\onedrive\desktop\djclass\stepbystep\wp_clock_02\x64\debug\vc143.idb
c:\users\dlgml\onedrive\desktop\djclass\stepbystep\wp_clock_02\x64\debug\wp_clock_02.obj
c:\users\dlgml\onedrive\desktop\djclass\stepbystep\wp_clock_02\x64\debug\mainproc.obj
c:\users\dlgml\onedrive\desktop\djclass\stepbystep\wp_clock_02\x64\debug\gdiutil.obj
c:\users\dlgml\onedrive\desktop\djclass\stepbystep\wp_clock_02\x64\debug\aboutproc.obj
c:\users\dlgml\onedrive\desktop\djclass\stepbystep\wp_clock_02\x64\debug\gdiutilfnd.obj
c:\users\dlgml\onedrive\desktop\djclass\stepbystep\x64\debug\3.wp_clock_02.exe
c:\users\dlgml\onedrive\desktop\djclass\stepbystep\x64\debug\3.wp_clock_02.pdb
c:\users\dlgml\onedrive\desktop\djclass\stepbystep\wp_clock_02\x64\debug\wp_clock_02.res
c:\users\dlgml\onedrive\desktop\djclass\stepbystep\wp_clock_02\x64\debug\3.wp_clock_02.ilk
c:\users\dlgml\onedrive\desktop\djclass\stepbystep\wp_clock_02\x64\debug\wp_clock_02.ilk
c:\users\dlgml\onedrive\desktop\djclass\stepbystep\wp_clock_02\x64\debug\wp_clock_02.pch
c:\users\dlgml\onedrive\desktop\djclass\stepbystep\wp_clock_02\x64\debug\3.wp_clock_02.tlog\cl.command.1.tlog
c:\users\dlgml\onedrive\desktop\djclass\stepbystep\wp_clock_02\x64\debug\3.wp_clock_02.tlog\cl.items.tlog
c:\users\dlgml\onedrive\desktop\djclass\stepbystep\wp_clock_02\x64\debug\3.wp_clock_02.tlog\cl.read.1.tlog
c:\users\dlgml\onedrive\desktop\djclass\stepbystep\wp_clock_02\x64\debug\3.wp_clock_02.tlog\cl.write.1.tlog
c:\users\dlgml\onedrive\desktop\djclass\stepbystep\wp_clock_02\x64\debug\3.wp_clock_02.tlog\link.command.1.tlog
c:\users\dlgml\onedrive\desktop\djclass\stepbystep\wp_clock_02\x64\debug\3.wp_clock_02.tlog\link.read.1.tlog
c:\users\dlgml\onedrive\desktop\djclass\stepbystep\wp_clock_02\x64\debug\3.wp_clock_02.tlog\link.secondary.1.tlog
c:\users\dlgml\onedrive\desktop\djclass\stepbystep\wp_clock_02\x64\debug\3.wp_clock_02.tlog\link.write.1.tlog
c:\users\dlgml\onedrive\desktop\djclass\stepbystep\wp_clock_02\x64\debug\3.wp_clock_02.tlog\rc.command.1.tlog
c:\users\dlgml\onedrive\desktop\djclass\stepbystep\wp_clock_02\x64\debug\3.wp_clock_02.tlog\rc.read.1.tlog
c:\users\dlgml\onedrive\desktop\djclass\stepbystep\wp_clock_02\x64\debug\3.wp_clock_02.tlog\rc.write.1.tlog
