c:\users\dlgml\onedrive\desktop\djclass\stepbystep\windowproject_pixeloutput\x64\debug\00.windowproject_pixeloutput.pch
c:\users\dlgml\onedrive\desktop\djclass\stepbystep\windowproject_pixeloutput\x64\debug\vc143.pdb
c:\users\dlgml\onedrive\desktop\djclass\stepbystep\windowproject_pixeloutput\x64\debug\vc143.idb
c:\users\dlgml\onedrive\desktop\djclass\stepbystep\windowproject_pixeloutput\x64\debug\pch.obj
c:\users\dlgml\onedrive\desktop\djclass\stepbystep\windowproject_pixeloutput\x64\debug\windowproject_pixeloutput.obj
c:\users\dlgml\onedrive\desktop\djclass\stepbystep\windowproject_pixeloutput\x64\debug\mainproc.obj
c:\users\dlgml\onedrive\desktop\djclass\stepbystep\windowproject_pixeloutput\x64\debug\aboutproc.obj
c:\users\dlgml\onedrive\desktop\djclass\stepbystep\x64\debug\00.windowproject_pixeloutput.exe
c:\users\dlgml\onedrive\desktop\djclass\stepbystep\x64\debug\00.windowproject_pixeloutput.pdb
c:\users\dlgml\onedrive\desktop\djclass\stepbystep\windowproject_pixeloutput\x64\debug\windowproject_pixeloutput.res
c:\users\dlgml\onedrive\desktop\djclass\stepbystep\windowproject_pixeloutput\x64\debug\00.windowproject_pixeloutput.ilk
c:\users\dlgml\onedrive\desktop\djclass\stepbystep\windowproject_pixeloutput\x64\debug\windowproject_pixeloutput.ilk
c:\users\dlgml\onedrive\desktop\djclass\stepbystep\windowproject_pixeloutput\x64\debug\windowproject_pixeloutput.pch
c:\users\dlgml\onedrive\desktop\djclass\stepbystep\windowproject_pixeloutput\x64\debug\00.windo.0f0f3ca3.tlog\cl.command.1.tlog
c:\users\dlgml\onedrive\desktop\djclass\stepbystep\windowproject_pixeloutput\x64\debug\00.windo.0f0f3ca3.tlog\cl.items.tlog
c:\users\dlgml\onedrive\desktop\djclass\stepbystep\windowproject_pixeloutput\x64\debug\00.windo.0f0f3ca3.tlog\cl.read.1.tlog
c:\users\dlgml\onedrive\desktop\djclass\stepbystep\windowproject_pixeloutput\x64\debug\00.windo.0f0f3ca3.tlog\cl.write.1.tlog
c:\users\dlgml\onedrive\desktop\djclass\stepbystep\windowproject_pixeloutput\x64\debug\00.windo.0f0f3ca3.tlog\link.command.1.tlog
c:\users\dlgml\onedrive\desktop\djclass\stepbystep\windowproject_pixeloutput\x64\debug\00.windo.0f0f3ca3.tlog\link.read.1.tlog
c:\users\dlgml\onedrive\desktop\djclass\stepbystep\windowproject_pixeloutput\x64\debug\00.windo.0f0f3ca3.tlog\link.secondary.1.tlog
c:\users\dlgml\onedrive\desktop\djclass\stepbystep\windowproject_pixeloutput\x64\debug\00.windo.0f0f3ca3.tlog\link.write.1.tlog
c:\users\dlgml\onedrive\desktop\djclass\stepbystep\windowproject_pixeloutput\x64\debug\00.windo.0f0f3ca3.tlog\rc.command.1.tlog
c:\users\dlgml\onedrive\desktop\djclass\stepbystep\windowproject_pixeloutput\x64\debug\00.windo.0f0f3ca3.tlog\rc.read.1.tlog
c:\users\dlgml\onedrive\desktop\djclass\stepbystep\windowproject_pixeloutput\x64\debug\00.windo.0f0f3ca3.tlog\rc.write.1.tlog
