c:\users\dlgml\onedrive\desktop\djclass\stepbystep\fristproject\x64\debug\fristproject.pch
c:\users\dlgml\onedrive\desktop\djclass\stepbystep\fristproject\x64\debug\vc143.pdb
c:\users\dlgml\onedrive\desktop\djclass\stepbystep\fristproject\x64\debug\vc143.idb
c:\users\dlgml\onedrive\desktop\djclass\stepbystep\fristproject\x64\debug\pch.obj
c:\users\dlgml\onedrive\desktop\djclass\stepbystep\fristproject\x64\debug\fristproject.obj
c:\users\dlgml\onedrive\desktop\djclass\stepbystep\x64\debug\fristproject.exe
c:\users\dlgml\onedrive\desktop\djclass\stepbystep\x64\debug\fristproject.pdb
c:\users\dlgml\onedrive\desktop\djclass\stepbystep\fristproject\x64\debug\fristproject.res
c:\users\dlgml\onedrive\desktop\djclass\stepbystep\fristproject\x64\debug\fristproject.ilk
c:\users\dlgml\onedrive\desktop\djclass\stepbystep\fristproject\x64\debug\fristproject.tlog\cl.command.1.tlog
c:\users\dlgml\onedrive\desktop\djclass\stepbystep\fristproject\x64\debug\fristproject.tlog\cl.items.tlog
c:\users\dlgml\onedrive\desktop\djclass\stepbystep\fristproject\x64\debug\fristproject.tlog\cl.read.1.tlog
c:\users\dlgml\onedrive\desktop\djclass\stepbystep\fristproject\x64\debug\fristproject.tlog\cl.write.1.tlog
c:\users\dlgml\onedrive\desktop\djclass\stepbystep\fristproject\x64\debug\fristproject.tlog\link.command.1.tlog
c:\users\dlgml\onedrive\desktop\djclass\stepbystep\fristproject\x64\debug\fristproject.tlog\link.read.1.tlog
c:\users\dlgml\onedrive\desktop\djclass\stepbystep\fristproject\x64\debug\fristproject.tlog\link.secondary.1.tlog
c:\users\dlgml\onedrive\desktop\djclass\stepbystep\fristproject\x64\debug\fristproject.tlog\link.write.1.tlog
c:\users\dlgml\onedrive\desktop\djclass\stepbystep\fristproject\x64\debug\fristproject.tlog\rc.command.1.tlog
c:\users\dlgml\onedrive\desktop\djclass\stepbystep\fristproject\x64\debug\fristproject.tlog\rc.read.1.tlog
c:\users\dlgml\onedrive\desktop\djclass\stepbystep\fristproject\x64\debug\fristproject.tlog\rc.write.1.tlog
